2026-02-23T21:21:28.036+01:00  INFO 46617 --- [main] n.b.a.AirHockeyServerApplicationTests    : Starting AirHockeyServerApplicationTests using Java 25.0.1 with PID 46617 (started by robinborjesson in /Users/robinborjesson/dev/java/air-hockey-server)
2026-02-23T21:21:28.045+01:00  INFO 46617 --- [main] n.b.a.AirHockeyServerApplicationTests    : No active profile set, falling back to 1 default profile: "default"
2026-02-23T21:21:28.631+01:00  INFO 46617 --- [main] o.s.m.s.b.SimpleBrokerMessageHandler     : Starting...
2026-02-23T21:21:28.631+01:00  INFO 46617 --- [main] o.s.m.s.b.SimpleBrokerMessageHandler     : BrokerAvailabilityEvent[available=true, SimpleBrokerMessageHandler [org.springframework.messaging.simp.broker.DefaultSubscriptionRegistry@3c62be3c]]
2026-02-23T21:21:28.632+01:00  INFO 46617 --- [main] o.s.m.s.b.SimpleBrokerMessageHandler     : Started.
2026-02-23T21:21:28.635+01:00  INFO 46617 --- [main] n.b.a.AirHockeyServerApplicationTests    : Started AirHockeyServerApplicationTests in 0.74 seconds (process running for 2.141)
2026-02-23T21:21:28.652+01:00  WARN 46617 --- [main] n.b.a.service.GameServiceImpl            : tried to remove a player from store with non-existent gameId: unknown
2026-02-23T21:21:28.659+01:00  INFO 46617 --- [SpringApplicationShutdownHook] o.s.m.s.b.SimpleBrokerMessageHandler     : Stopping...
2026-02-23T21:21:28.659+01:00  INFO 46617 --- [SpringApplicationShutdownHook] o.s.m.s.b.SimpleBrokerMessageHandler     : BrokerAvailabilityEvent[available=false, SimpleBrokerMessageHandler [org.springframework.messaging.simp.broker.DefaultSubscriptionRegistry@3c62be3c]]
2026-02-23T21:21:28.659+01:00  INFO 46617 --- [SpringApplicationShutdownHook] o.s.m.s.b.SimpleBrokerMessageHandler     : Stopped.
2026-02-23T21:28:27.159+01:00  INFO 47728 --- [main] n.b.a.AirHockeyServerApplicationTests    : Starting AirHockeyServerApplicationTests using Java 25.0.1 with PID 47728 (started by robinborjesson in /Users/robinborjesson/dev/java/air-hockey-server)
2026-02-23T21:28:27.160+01:00  INFO 47728 --- [main] n.b.a.AirHockeyServerApplicationTests    : No active profile set, falling back to 1 default profile: "default"
2026-02-23T21:28:27.742+01:00  INFO 47728 --- [main] o.s.m.s.b.SimpleBrokerMessageHandler     : Starting...
2026-02-23T21:28:27.742+01:00  INFO 47728 --- [main] o.s.m.s.b.SimpleBrokerMessageHandler     : BrokerAvailabilityEvent[available=true, SimpleBrokerMessageHandler [org.springframework.messaging.simp.broker.DefaultSubscriptionRegistry@63a72cc6]]
2026-02-23T21:28:27.743+01:00  INFO 47728 --- [main] o.s.m.s.b.SimpleBrokerMessageHandler     : Started.
2026-02-23T21:28:27.746+01:00  INFO 47728 --- [main] n.b.a.AirHockeyServerApplicationTests    : Started AirHockeyServerApplicationTests in 0.722 seconds (process running for 2.059)
2026-02-23T21:28:27.761+01:00  WARN 47728 --- [main] n.b.a.service.GameServiceImpl            : tried to remove a player from store with non-existent gameId: unknown
2026-02-23T21:28:27.768+01:00  INFO 47728 --- [SpringApplicationShutdownHook] o.s.m.s.b.SimpleBrokerMessageHandler     : Stopping...
2026-02-23T21:28:27.768+01:00  INFO 47728 --- [SpringApplicationShutdownHook] o.s.m.s.b.SimpleBrokerMessageHandler     : BrokerAvailabilityEvent[available=false, SimpleBrokerMessageHandler [org.springframework.messaging.simp.broker.DefaultSubscriptionRegistry@63a72cc6]]
2026-02-23T21:28:27.768+01:00  INFO 47728 --- [SpringApplicationShutdownHook] o.s.m.s.b.SimpleBrokerMessageHandler     : Stopped.
2026-02-23T21:40:31.232+01:00  INFO 49195 --- [main] n.b.a.AirHockeyServerApplicationTests    : Starting AirHockeyServerApplicationTests using Java 25.0.1 with PID 49195 (started by robinborjesson in /Users/robinborjesson/dev/java/air-hockey-server)
2026-02-23T21:40:31.233+01:00  INFO 49195 --- [main] n.b.a.AirHockeyServerApplicationTests    : No active profile set, falling back to 1 default profile: "default"
2026-02-23T21:40:31.784+01:00  INFO 49195 --- [main] o.s.m.s.b.SimpleBrokerMessageHandler     : Starting...
2026-02-23T21:40:31.785+01:00  INFO 49195 --- [main] o.s.m.s.b.SimpleBrokerMessageHandler     : BrokerAvailabilityEvent[available=true, SimpleBrokerMessageHandler [org.springframework.messaging.simp.broker.DefaultSubscriptionRegistry@5e05a706]]
2026-02-23T21:40:31.785+01:00  INFO 49195 --- [main] o.s.m.s.b.SimpleBrokerMessageHandler     : Started.
2026-02-23T21:40:31.788+01:00  INFO 49195 --- [main] n.b.a.AirHockeyServerApplicationTests    : Started AirHockeyServerApplicationTests in 0.686 seconds (process running for 2.1)
2026-02-23T21:40:31.804+01:00  WARN 49195 --- [main] n.b.a.service.GameServiceImpl            : tried to remove a player from store with non-existent gameId: unknown
2026-02-23T21:40:31.811+01:00  INFO 49195 --- [SpringApplicationShutdownHook] o.s.m.s.b.SimpleBrokerMessageHandler     : Stopping...
2026-02-23T21:40:31.811+01:00  INFO 49195 --- [SpringApplicationShutdownHook] o.s.m.s.b.SimpleBrokerMessageHandler     : BrokerAvailabilityEvent[available=false, SimpleBrokerMessageHandler [org.springframework.messaging.simp.broker.DefaultSubscriptionRegistry@5e05a706]]
2026-02-23T21:40:31.811+01:00  INFO 49195 --- [SpringApplicationShutdownHook] o.s.m.s.b.SimpleBrokerMessageHandler     : Stopped.
